#-----------------------------------------------------------
# Vivado v2021.1 (64-bit)
# SW Build 3247384 on Thu Jun 10 19:36:33 MDT 2021
# IP Build 3246043 on Fri Jun 11 00:30:35 MDT 2021
# Start of session at: Thu Dec 15 00:26:39 2022
# Process ID: 10136
# Current directory: C:/Users/joshg/Desktop/Trabajo VHDL/ascensor_VHDL_G26/MAIN
# Command line: vivado.exe -gui_launcher_event rodinguilauncherevent19020 C:\Users\joshg\Desktop\Trabajo VHDL\ascensor_VHDL_G26\MAIN\VHDL_ASCENSOR_MAIN.xpr
# Log file: C:/Users/joshg/Desktop/Trabajo VHDL/ascensor_VHDL_G26/MAIN/vivado.log
# Journal file: C:/Users/joshg/Desktop/Trabajo VHDL/ascensor_VHDL_G26/MAIN\vivado.jou
#-----------------------------------------------------------
start_gui
open_project {C:/Users/joshg/Desktop/Trabajo VHDL/ascensor_VHDL_G26/MAIN/VHDL_ASCENSOR_MAIN.xpr}
INFO: [Project 1-313] Project file moved from 'C:/Users/joshg/Desktop/Universidad/duplicado copia/Universidad/4º año de carrera/Sistemas Electrónicos Digitales - SED/Trabajo VHDL/ascensor_VHDL_G26/MAIN' since last save.
WARNING: [filemgmt 56-2] Default IP Output Path : Could not find the directory 'C:/Users/joshg/Desktop/Trabajo VHDL/ascensor_VHDL_G26/MAIN/VHDL_ASCENSOR_MAIN.gen/sources_1', nor could it be found using path 'C:/Users/joshg/Desktop/Universidad/duplicado copia/Universidad/4º año de carrera/Sistemas Electrónicos Digitales - SED/Trabajo VHDL/ascensor_VHDL_G26/MAIN/VHDL_ASCENSOR_MAIN.gen/sources_1'.
Scanning sources...
Finished scanning sources
INFO: [IP_Flow 19-234] Refreshing IP repositories
INFO: [IP_Flow 19-1704] No user IP repositories specified
INFO: [IP_Flow 19-2313] Loaded Vivado IP repository 'C:/Xilinx/Vivado/2021.1/data/ip'.
open_project: Time (s): cpu = 00:00:19 ; elapsed = 00:00:10 . Memory (MB): peak = 1123.672 ; gain = 0.000
update_compile_order -fileset sources_1
exit
INFO: [Common 17-206] Exiting Vivado at Thu Dec 15 00:35:45 2022...
