#-----------------------------------------------------------
# Vivado v2021.1 (64-bit)
# SW Build 3247384 on Thu Jun 10 19:36:33 MDT 2021
# IP Build 3246043 on Fri Jun 11 00:30:35 MDT 2021
# Start of session at: Wed Dec 14 16:44:32 2022
# Process ID: 9952
# Current directory: C:/Users/joshg/Desktop/Universidad/duplicado copia/Universidad/4º año de carrera/Sistemas Electrónicos Digitales - SED/Trabajo VHDL/ascensor_VHDL_G26/MAIN
# Command line: vivado.exe -gui_launcher_event rodinguilauncherevent7576 C:\Users\joshg\Desktop\Universidad\duplicado copia\Universidad\4º año de carrera\Sistemas Electrónicos Digitales - SED\Trabajo VHDL\ascensor_VHDL_G26\MAIN\VHDL_ASCENSOR_MAIN.xpr
# Log file: C:/Users/joshg/Desktop/Universidad/duplicado copia/Universidad/4º año de carrera/Sistemas Electrónicos Digitales - SED/Trabajo VHDL/ascensor_VHDL_G26/MAIN/vivado.log
# Journal file: C:/Users/joshg/Desktop/Universidad/duplicado copia/Universidad/4º año de carrera/Sistemas Electrónicos Digitales - SED/Trabajo VHDL/ascensor_VHDL_G26/MAIN\vivado.jou
#-----------------------------------------------------------
start_gui
open_project {C:/Users/joshg/Desktop/Universidad/duplicado copia/Universidad/4º año de carrera/Sistemas Electrónicos Digitales - SED/Trabajo VHDL/ascensor_VHDL_G26/MAIN/VHDL_ASCENSOR_MAIN.xpr}
INFO: [ProjectBase 1-489] The host OS only allows 260 characters in a normal path. The project is stored in a path with more than 80 characters. If you experience issues with IP, Block Designs, or files not being found, please consider moving the project to a location with a shorter path. Alternately consider using the OS subst command to map part of the path to a drive letter.
Current project path is 'C:/Users/joshg/Desktop/Universidad/duplicado copia/Universidad/4º año de carrera/Sistemas Electrónicos Digitales - SED/Trabajo VHDL/ascensor_VHDL_G26/MAIN'
WARNING: [filemgmt 56-3] Default IP Output Path : Could not find the directory 'C:/Users/joshg/Desktop/Universidad/duplicado copia/Universidad/4º año de carrera/Sistemas Electrónicos Digitales - SED/Trabajo VHDL/ascensor_VHDL_G26/MAIN/VHDL_ASCENSOR_MAIN.gen/sources_1'.
WARNING: [filemgmt 56-3] IPUserFilesDir: Could not find the directory 'C:/Users/joshg/Desktop/Universidad/duplicado copia/Universidad/4º año de carrera/Sistemas Electrónicos Digitales - SED/Trabajo VHDL/ascensor_VHDL_G26/MAIN/VHDL_ASCENSOR_MAIN.ip_user_files'.
Scanning sources...
Finished scanning sources
INFO: [IP_Flow 19-234] Refreshing IP repositories
INFO: [IP_Flow 19-1704] No user IP repositories specified
INFO: [IP_Flow 19-2313] Loaded Vivado IP repository 'C:/Xilinx/Vivado/2021.1/data/ip'.
update_compile_order -fileset sources_1
close [ open {C:/Users/joshg/Desktop/Universidad/duplicado copia/Universidad/4º año de carrera/Sistemas Electrónicos Digitales - SED/Trabajo VHDL/ascensor_VHDL_G26/MAIN/VHDL_ASCENSOR_MAIN.srcs/sources_1/new/Decod_Animación.vhd} w ]
add_files {{C:/Users/joshg/Desktop/Universidad/duplicado copia/Universidad/4º año de carrera/Sistemas Electrónicos Digitales - SED/Trabajo VHDL/ascensor_VHDL_G26/MAIN/VHDL_ASCENSOR_MAIN.srcs/sources_1/new/Decod_Animación.vhd}}
update_compile_order -fileset sources_1
close [ open {C:/Users/joshg/Desktop/Universidad/duplicado copia/Universidad/4º año de carrera/Sistemas Electrónicos Digitales - SED/Trabajo VHDL/ascensor_VHDL_G26/MAIN/VHDL_ASCENSOR_MAIN.srcs/sources_1/new/Decod_BCD_Animacion.vhd} w ]
add_files {{C:/Users/joshg/Desktop/Universidad/duplicado copia/Universidad/4º año de carrera/Sistemas Electrónicos Digitales - SED/Trabajo VHDL/ascensor_VHDL_G26/MAIN/VHDL_ASCENSOR_MAIN.srcs/sources_1/new/Decod_BCD_Animacion.vhd}}
update_compile_order -fileset sources_1
export_ip_user_files -of_objects  [get_files {{C:/Users/joshg/Desktop/Universidad/duplicado copia/Universidad/4º año de carrera/Sistemas Electrónicos Digitales - SED/Trabajo VHDL/ascensor_VHDL_G26/MAIN/VHDL_ASCENSOR_MAIN.srcs/sources_1/new/Decod_Animación.vhd}}] -no_script -reset -force -quiet
remove_files  {{C:/Users/joshg/Desktop/Universidad/duplicado copia/Universidad/4º año de carrera/Sistemas Electrónicos Digitales - SED/Trabajo VHDL/ascensor_VHDL_G26/MAIN/VHDL_ASCENSOR_MAIN.srcs/sources_1/new/Decod_Animación.vhd}}
